<<<<<<< HEAD

Wed, 17 Jul 2019 15:09:56 GMT - Info - Server is running on port:  3000
Wed, 17 Jul 2019 15:10:12 GMT - Debug - auth.service - login with email: 11
Wed, 17 Jul 2019 15:10:12 GMT - Debug - auth.service - login with email: 11
Wed, 17 Jul 2019 15:10:12 GMT - Debug - auth.service - login with email: 11
Wed, 17 Jul 2019 15:10:12 GMT - Debug - auth.service - login with email: 11
Thu, 18 Jul 2019 07:19:49 GMT - Info - Server is running on port:  3000
Thu, 18 Jul 2019 07:20:27 GMT - Debug - auth.service - login with email: 11
Thu, 18 Jul 2019 07:20:27 GMT - Debug - auth.service - login with email: 11

Thu, 18 Jul 2019 07:24:52 GMT - Info - Server is running on port:  3000
Thu, 18 Jul 2019 07:30:06 GMT - Debug - auth.service - login with email: 11
Thu, 18 Jul 2019 07:44:49 GMT - Info - Server is running on port:  3000
Thu, 18 Jul 2019 07:45:22 GMT - Info - Server is running on port:  3000
Thu, 18 Jul 2019 07:45:27 GMT - Debug - auth.service - login with email: 11
=======
>>>>>>> 267abe374a0607cd248911c4facf7ea445c44463

Thu, 18 Jul 2019 07:58:12 GMT - Debug - auth.service - login with email: 11
Thu, 18 Jul 2019 07:58:20 GMT - Info - Server is running on port:  3000
Thu, 18 Jul 2019 07:58:53 GMT - Debug - auth.service - login with email: 11
Thu, 18 Jul 2019 08:10:10 GMT - Info - Server is running on port:  3000
Thu, 18 Jul 2019 08:10:17 GMT - Info - Server is running on port:  3000
Thu, 18 Jul 2019 08:11:18 GMT - Debug - auth.service - login with email: 11
Thu, 18 Jul 2019 08:12:43 GMT - Info - Server is running on port:  3000
Thu, 18 Jul 2019 08:12:46 GMT - Debug - auth.service - login with email: 11
Thu, 18 Jul 2019 08:13:15 GMT - Info - Server is running on port:  3000
Thu, 18 Jul 2019 08:13:53 GMT - Info - Server is running on port:  3000
Thu, 18 Jul 2019 08:13:54 GMT - Debug - auth.service - login with email: 11
Thu, 18 Jul 2019 08:15:50 GMT - Info - Server is running on port:  3000
Thu, 18 Jul 2019 08:16:09 GMT - Info - Server is running on port:  3000
Thu, 18 Jul 2019 08:16:15 GMT - Debug - auth.service - login with email: 11
Thu, 18 Jul 2019 08:16:50 GMT - Info - Server is running on port:  3000
Thu, 18 Jul 2019 08:17:28 GMT - Debug - auth.service - login with email: 11
Thu, 18 Jul 2019 08:19:45 GMT - Info - Server is running on port:  3000
Thu, 18 Jul 2019 08:20:24 GMT - Info - Server is running on port:  3000
Thu, 18 Jul 2019 08:20:27 GMT - Debug - auth.service - login with email: 11
Thu, 18 Jul 2019 08:22:16 GMT - Info - Server is running on port:  3000
Thu, 18 Jul 2019 08:22:18 GMT - Debug - auth.service - login with email: 11
Thu, 18 Jul 2019 08:23:14 GMT - Info - Server is running on port:  3000
Thu, 18 Jul 2019 08:23:18 GMT - Debug - auth.service - login with email: 11
Thu, 18 Jul 2019 08:24:22 GMT - Info - Server is running on port:  3000
Thu, 18 Jul 2019 08:24:37 GMT - Info - Server is running on port:  3000
Thu, 18 Jul 2019 08:24:40 GMT - Debug - auth.service - login with email: 11
Thu, 18 Jul 2019 08:28:35 GMT - Info - Server is running on port:  3000
Thu, 18 Jul 2019 08:29:02 GMT - Info - Server is running on port:  3000
Thu, 18 Jul 2019 08:29:14 GMT - Info - Server is running on port:  3000
Thu, 18 Jul 2019 08:29:28 GMT - Info - Server is running on port:  3000
Thu, 18 Jul 2019 08:29:30 GMT - Debug - auth.service - login with email: 11
Thu, 18 Jul 2019 08:36:33 GMT - Info - Server is running on port:  3000
Thu, 18 Jul 2019 08:36:37 GMT - Info - Server is running on port:  3000
Thu, 18 Jul 2019 08:37:06 GMT - Info - Server is running on port:  3000
Thu, 18 Jul 2019 08:37:09 GMT - Info - Server is running on port:  3000